<?xml version="1.0" encoding="UTF-8"?>
<!-- Generated by org.testng.reporters.JUnitXMLReporter -->
<testsuite ignored="1" hostname="192.168.1.4" failures="0" tests="1" name="Surefire test" time="33.175" errors="0" timestamp="2025-08-07T14:40:38 GMT+03:00">
  <testcase classname="tests.ui.LoginFlowTest" name="testLoginFlowToEmailEntry" time="26.994"/>
  <testcase classname="tests.ui.LoginFlowTest" name="testLoginWithDifferentEmails" time="0.0">
    <ignored/>
  </testcase> <!-- testLoginWithDifferentEmails -->
</testsuite> <!-- Surefire test -->
