<?xml version="1.0" encoding="UTF-8"?>
<!-- Generated by org.testng.reporters.JUnitXMLReporter -->
<testsuite ignored="1" hostname="192.168.1.4" failures="0" tests="1" name="Surefire test" time="66.637" errors="0" timestamp="2025-08-11T14:08:55 GMT+03:00">
  <testcase classname="tests.ui.LoginTest" name="testLoginFlowToEmailEntry" time="57.351"/>
  <testcase classname="tests.ui.LoginTest" name="testLoginWithDifferentEmails" time="0.0">
    <ignored/>
  </testcase> <!-- testLoginWithDifferentEmails -->
</testsuite> <!-- Surefire test -->
