<?xml version="1.0" encoding="UTF-8"?>
<testng-results ignored="0" total="1" passed="1" failed="0" skipped="0">
  <reporter-output>
  </reporter-output>
  <suite started-at="2025-08-11T14:07:48 GMT+03:00" name="Surefire suite" finished-at="2025-08-11T14:08:55 GMT+03:00" duration-ms="66637">
    <groups>
    </groups>
    <test started-at="2025-08-11T14:07:48 GMT+03:00" name="Surefire test" finished-at="2025-08-11T14:08:55 GMT+03:00" duration-ms="66637">
      <class name="tests.ui.LoginTest">
        <test-method is-config="true" signature="setUp(java.lang.String,java.lang.String)[pri:0, instance:tests.ui.LoginTest@7455dacb]" started-at="2025-08-11T14:07:48 GMT+03:00" name="setUp" finished-at="2025-08-11T14:07:57 GMT+03:00" duration-ms="8759" status="PASS">
          <params>
            <param index="0">
              <value is-null="true"/>
            </param>
            <param index="1">
              <value is-null="true"/>
            </param>
          </params>
          <reporter-output>
          </reporter-output>
        </test-method> <!-- setUp -->
        <test-method signature="testLoginFlowToEmailEntry()[pri:1, instance:tests.ui.LoginTest@7455dacb]" started-at="2025-08-11T14:07:57 GMT+03:00" name="testLoginFlowToEmailEntry" description="Complete login flow - Enter email step" finished-at="2025-08-11T14:08:54 GMT+03:00" duration-ms="57351" status="PASS">
          <reporter-output>
          </reporter-output>
        </test-method> <!-- testLoginFlowToEmailEntry -->
        <test-method is-config="true" signature="tearDown()[pri:0, instance:tests.ui.LoginTest@7455dacb]" started-at="2025-08-11T14:08:54 GMT+03:00" name="tearDown" finished-at="2025-08-11T14:08:55 GMT+03:00" duration-ms="310" status="PASS">
          <reporter-output>
          </reporter-output>
        </test-method> <!-- tearDown -->
      </class> <!-- tests.ui.LoginTest -->
    </test> <!-- Surefire test -->
  </suite> <!-- Surefire suite -->
</testng-results>
