<?xml version="1.0" encoding="UTF-8"?>
<testsuite xmlns:xsi="http://www.w3.org/2001/XMLSchema-instance" xsi:noNamespaceSchemaLocation="https://maven.apache.org/surefire/maven-surefire-plugin/xsd/surefire-test-report-3.0.xsd" version="3.0" name="tests.ui.LoginFlowTest" time="34.111" tests="1" errors="0" skipped="0" failures="0">
  <properties>
[...]
</properties>
  <testcase name="testLoginFlowToEmailEntry" classname="tests.ui.LoginFlowTest" time="27.026">
    <system-out><![CDATA[&amp#27;[32m2025-08-07 14:40:05.647 [main] INFO  tests.ui.BaseTest - Starting test setup...
&amp#27;[m&amp#27;[32m2025-08-07 14:40:11.387 [main] INFO  core.DriverFactory - Driver initialized successfully: Platform=ios, Remote=false
&amp#27;[m&amp#27;[32m2025-08-07 14:40:11.387 [main] INFO  tests.ui.BaseTest - iOS platform - App already launched, skipping URL navigation
&amp#27;[m&amp#27;[32m2025-08-07 14:40:11.387 [main] INFO  tests.ui.BaseTest - Test setup completed successfully
&amp#27;[m&amp#27;[32m2025-08-07 14:40:11.476 [main] INFO  tests.ui.BaseTest - TEST STEP: Starting login flow test
&amp#27;[m&amp#27;[32;1m2025-08-07 14:40:11.482 [main] DEBUG pages.ios.IOSBasePage - IOSBasePage initialized
&amp#27;[m&amp#27;[32m2025-08-07 14:40:11.488 [main] INFO  pages.ios.IOSHomePage - IOSHomePage initialized
&amp#27;[m&amp#27;[32;1m2025-08-07 14:40:11.489 [main] DEBUG pages.ios.IOSBasePage - IOSBasePage initialized
&amp#27;[m&amp#27;[32m2025-08-07 14:40:11.489 [main] INFO  pages.ios.IOSLoginPage - IOSLoginPage initialized
&amp#27;[m&amp#27;[32m2025-08-07 14:40:11.489 [main] INFO  tests.ui.BaseTest - TEST STEP: Verifying home page is loaded
&amp#27;[m&amp#27;[32m2025-08-07 14:40:11.827 [main] INFO  tests.ui.BaseTest - TEST INFO: Home page verified successfully
&amp#27;[m&amp#27;[32m2025-08-07 14:40:11.827 [main] INFO  tests.ui.BaseTest - TEST STEP: Clicking sign in button
&amp#27;[m&amp#27;[32m2025-08-07 14:40:13.292 [main] INFO  pages.ios.IOSHomePage - Clicked iOS sign in button
&amp#27;[m&amp#27;[32m2025-08-07 14:40:13.292 [main] INFO  tests.ui.BaseTest - TEST INFO: Sign in button clicked
&amp#27;[m&amp#27;[32m2025-08-07 14:40:13.292 [main] INFO  tests.ui.BaseTest - TEST INFO: Current platform: ios
&amp#27;[m&amp#27;[32m2025-08-07 14:40:13.292 [main] INFO  tests.ui.BaseTest - TEST STEP: Handling iOS login flow
&amp#27;[m&amp#27;[32m2025-08-07 14:40:13.529 [main] INFO  tests.ui.BaseTest - TEST STEP: Clicking 'Sign in or register'
&amp#27;[m&amp#27;[32m2025-08-07 14:40:14.709 [main] INFO  pages.ios.IOSLoginPage - Clicked 'Sign in or register' button
&amp#27;[m&amp#27;[32m2025-08-07 14:40:14.710 [main] INFO  tests.ui.BaseTest - TEST INFO: 'Sign in or register' clicked
&amp#27;[m&amp#27;[32m2025-08-07 14:40:14.710 [main] INFO  tests.ui.BaseTest - TEST STEP: Clicking 'Continue with email'
&amp#27;[m&amp#27;[32m2025-08-07 14:40:15.749 [main] INFO  pages.ios.IOSLoginPage - Clicked 'Continue with email' button
&amp#27;[m&amp#27;[32m2025-08-07 14:40:15.749 [main] INFO  tests.ui.BaseTest - TEST INFO: 'Continue with email' clicked
&amp#27;[m&amp#27;[32m2025-08-07 14:40:15.750 [main] INFO  tests.ui.BaseTest - TEST STEP: Entering email: test.booking@gmail.com
&amp#27;[m&amp#27;[32m2025-08-07 14:40:17.306 [main] INFO  pages.ios.IOSLoginPage - Entered email: test.booking@gmail.com
&amp#27;[m&amp#27;[32m2025-08-07 14:40:17.306 [main] INFO  tests.ui.BaseTest - TEST INFO: Email entered successfully
&amp#27;[m&amp#27;[32m2025-08-07 14:40:17.306 [main] INFO  tests.ui.BaseTest - TEST STEP: Verifying login flow completed to email entry
&amp#27;[m&amp#27;[32m2025-08-07 14:40:38.440 [main] INFO  tests.ui.BaseTest - TEST INFO: Login flow test completed successfully - Email entry step reached
&amp#27;[m]]></system-out>
    <system-err><![CDATA[SLF4J(W): No SLF4J providers were found.
SLF4J(W): Defaulting to no-operation (NOP) logger implementation
SLF4J(W): See https://www.slf4j.org/codes.html#noProviders for further details.
]]></system-err>
  </testcase>
</testsuite>