<?xml version="1.0" encoding="UTF-8"?>
<testsuite xmlns:xsi="http://www.w3.org/2001/XMLSchema-instance" xsi:noNamespaceSchemaLocation="https://maven.apache.org/surefire/maven-surefire-plugin/xsd/surefire-test-report-3.0.xsd" version="3.0" name="tests.ui.LoginTest" time="52.741" tests="1" errors="0" skipped="0" failures="0">
  <properties>
[...]
</properties>
  <testcase name="testLoginFlowToEmailEntry" classname="tests.ui.LoginTest" time="46.328">
    <system-out><![CDATA[&amp#27;[32m2025-08-11 14:47:23.259 [main] INFO  tests.ui.BaseTest - Starting test setup...
&amp#27;[m&amp#27;[32m2025-08-11 14:47:27.081 [main] INFO  core.DriverFactory - Driver initialized successfully: Platform=web, Remote=false
&amp#27;[m&amp#27;[32m2025-08-11 14:47:28.160 [main] INFO  tests.ui.BaseTest - Navigated to: https://www.booking.com
&amp#27;[m&amp#27;[32m2025-08-11 14:47:28.160 [main] INFO  tests.ui.BaseTest - Test setup completed successfully
&amp#27;[m&amp#27;[32m2025-08-11 14:47:28.233 [main] INFO  tests.ui.BaseTest - TEST STEP: Starting login flow test
&amp#27;[m&amp#27;[32;1m2025-08-11 14:47:28.238 [main] DEBUG pages.web.WebBasePage - WebBasePage initialized
&amp#27;[m&amp#27;[32m2025-08-11 14:47:28.239 [main] INFO  pages.web.WebHomePage - WebHomePage initialized
&amp#27;[m&amp#27;[32;1m2025-08-11 14:47:28.239 [main] DEBUG pages.web.WebBasePage - WebBasePage initialized
&amp#27;[m&amp#27;[32m2025-08-11 14:47:28.239 [main] INFO  pages.web.WebLoginPage - WebLoginPage initialized
&amp#27;[m&amp#27;[32m2025-08-11 14:47:28.239 [main] INFO  tests.ui.BaseTest - TEST STEP: Verifying home page is loaded
&amp#27;[m&amp#27;[32m2025-08-11 14:47:30.677 [main] INFO  tests.ui.BaseTest - TEST INFO: Home page verified successfully
&amp#27;[m&amp#27;[32m2025-08-11 14:47:30.677 [main] INFO  tests.ui.BaseTest - TEST STEP: Clicking sign in button
&amp#27;[m&amp#27;[32m2025-08-11 14:47:32.687 [main] INFO  pages.web.WebHomePage - Clicked sign in button
&amp#27;[m&amp#27;[32m2025-08-11 14:47:33.008 [main] INFO  tests.ui.BaseTest - TEST INFO: Sign in button clicked
&amp#27;[m&amp#27;[32m2025-08-11 14:47:33.010 [main] INFO  tests.ui.BaseTest - TEST INFO: Current platform: web
&amp#27;[m&amp#27;[32m2025-08-11 14:47:33.010 [main] INFO  tests.ui.BaseTest - TEST STEP: Entering email: testbugovski@gmail.com
&amp#27;[m&amp#27;[32m2025-08-11 14:47:33.533 [main] INFO  pages.web.WebLoginPage - Entered email: testbugovski@gmail.com
&amp#27;[m&amp#27;[32m2025-08-11 14:47:33.685 [main] INFO  tests.ui.BaseTest - TEST INFO: Email entered successfully
&amp#27;[m&amp#27;[32m2025-08-11 14:47:33.685 [main] INFO  tests.ui.BaseTest - TEST STEP: Clicking 'Continue with email'
&amp#27;[m&amp#27;[32m2025-08-11 14:47:33.876 [main] INFO  pages.web.WebLoginPage - Clicked 'Continue with email' (localized)
&amp#27;[m&amp#27;[32m2025-08-11 14:47:34.011 [main] INFO  tests.ui.BaseTest - TEST INFO: 'Continue with email' clicked
&amp#27;[m&amp#27;[32m2025-08-11 14:47:34.012 [main] INFO  tests.ui.BaseTest - TEST STEP: Email verification enabled - fetching code from inbox
&amp#27;[m&amp#27;[32m2025-08-11 14:47:44.031 [main] INFO  utils.EmailService - Email code fetch started (account=t***i@gmail.com, from='noreply-iam@booking.com', subject='', timeout=180s)
&amp#27;[m&amp#27;[32m2025-08-11 14:47:51.403 [main] INFO  tests.ui.BaseTest - TEST INFO: Verification code received: ******
&amp#27;[m&amp#27;[33;1m2025-08-11 14:47:51.405 [main] WARN  tests.ui.BaseTest - TEST WARNING: [DEBUG_ONLY] OTP=WY776Y
&amp#27;[m&amp#27;[32m2025-08-11 14:47:51.406 [main] INFO  tests.ui.BaseTest - TEST STEP: Entering verification code
&amp#27;[m&amp#27;[32m2025-08-11 14:47:53.513 [main] INFO  pages.web.WebLoginPage - Entered verification code into 6 separate inputs
&amp#27;[m&amp#27;[32m2025-08-11 14:47:53.686 [main] INFO  pages.web.WebLoginPage - Clicked Verify email button
&amp#27;[m&amp#27;[33;1m2025-08-11 14:48:14.426 [main] WARN  pages.web.WebLoginPage - Account avatar not visible after verification: Expected condition failed: waiting for visibility of element located by By.cssSelector: button[aria-label='Account menu'], [data-testid='header-profile'] (tried for 15 second(s) with 500 milliseconds interval)
Build info: version: '4.20.0', revision: '866c76ca80'
System info: os.name: 'Mac OS X', os.arch: 'aarch64', os.version: '15.3.1', java.version: '23.0.2'
Driver info: org.openqa.selenium.chrome.ChromeDriver
Capabilities {acceptInsecureCerts: false, browserName: chrome, browserVersion: 138.0.7204.185, chrome: {chromedriverVersion: 138.0.7204.183 (e90faf484dd..., userDataDir: /var/folders/6s/tp5k3vcx2gg...}, fedcm:accounts: true, goog:chromeOptions: {debuggerAddress: localhost:61113}, networkConnectionEnabled: false, pageLoadStrategy: normal, platformName: mac, proxy: Proxy(), se:cdp: ws://localhost:61113/devtoo..., se:cdpVersion: 138.0.7204.185, setWindowRect: true, strictFileInteractability: false, timeouts: {implicit: 0, pageLoad: 300000, script: 30000}, unhandledPromptBehavior: dismiss and notify, webauthn:extension:credBlob: true, webauthn:extension:largeBlob: true, webauthn:extension:minPinLength: true, webauthn:extension:prf: true, webauthn:virtualAuthenticators: true}
Session ID: c5b6e894b55f3b0f12d07c3f192a57d4
&amp#27;[m&amp#27;[32m2025-08-11 14:48:14.428 [main] INFO  tests.ui.BaseTest - TEST INFO: Login flow executed
&amp#27;[m]]></system-out>
    <system-err><![CDATA[SLF4J(W): No SLF4J providers were found.
SLF4J(W): Defaulting to no-operation (NOP) logger implementation
SLF4J(W): See https://www.slf4j.org/codes.html#noProviders for further details.
Aug 11, 2025 2:47:26 PM org.openqa.selenium.devtools.CdpVersionFinder findNearestMatch
WARNING: Unable to find CDP implementation matching 138
Aug 11, 2025 2:47:26 PM org.openqa.selenium.chromium.ChromiumDriver lambda$new$5
WARNING: Unable to find version of CDP to use for 138.0.7204.185. You may need to include a dependency on a specific version of the CDP using something similar to `org.seleniumhq.selenium:selenium-devtools-v86:4.20.0` where the version ("v86") matches the version of the chromium-based browser you're using and the version number of the artifact is the same as Selenium's.
]]></system-err>
  </testcase>
</testsuite>